{"C:\\Users\\v-tianji\\Desktop\\ghcpd\\v-tianji_25_11_25_case3\\music-player\\src\\App.tsx": {"path":"C:\\Users\\v-tianji\\Desktop\\ghcpd\\v-tianji_25_11_25_case3\\music-player\\src\\App.tsx","all":false,"statementMap":{"0":{"start":{"line":1,"column":0},"end":{"line":1,"column":52}},"6":{"start":{"line":7,"column":0},"end":{"line":7,"column":22}},"8":{"start":{"line":9,"column":0},"end":{"line":9,"column":18}},"10":{"start":{"line":11,"column":0},"end":{"line":11,"column":25}},"11":{"start":{"line":12,"column":0},"end":{"line":12,"column":3}},"12":{"start":{"line":13,"column":0},"end":{"line":13,"column":17}},"13":{"start":{"line":14,"column":0},"end":{"line":14,"column":27}},"14":{"start":{"line":15,"column":0},"end":{"line":15,"column":25}},"15":{"start":{"line":16,"column":0},"end":{"line":16,"column":22}},"16":{"start":{"line":17,"column":0},"end":{"line":17,"column":15}},"17":{"start":{"line":18,"column":0},"end":{"line":18,"column":56}},"18":{"start":{"line":19,"column":0},"end":{"line":19,"column":80}},"19":{"start":{"line":20,"column":0},"end":{"line":20,"column":13}},"20":{"start":{"line":21,"column":0},"end":{"line":21,"column":74}},"21":{"start":{"line":22,"column":0},"end":{"line":22,"column":74}},"22":{"start":{"line":23,"column":0},"end":{"line":23,"column":72}},"23":{"start":{"line":24,"column":0},"end":{"line":24,"column":73}},"24":{"start":{"line":25,"column":0},"end":{"line":25,"column":6}},"25":{"start":{"line":26,"column":0},"end":{"line":26,"column":4}},"26":{"start":{"line":27,"column":0},"end":{"line":27,"column":3}},"27":{"start":{"line":28,"column":0},"end":{"line":28,"column":15}},"28":{"start":{"line":29,"column":0},"end":{"line":29,"column":25}},"29":{"start":{"line":30,"column":0},"end":{"line":30,"column":26}},"30":{"start":{"line":31,"column":0},"end":{"line":31,"column":25}},"31":{"start":{"line":32,"column":0},"end":{"line":32,"column":15}},"32":{"start":{"line":33,"column":0},"end":{"line":33,"column":56}},"33":{"start":{"line":34,"column":0},"end":{"line":34,"column":73}},"34":{"start":{"line":35,"column":0},"end":{"line":35,"column":13}},"35":{"start":{"line":36,"column":0},"end":{"line":36,"column":75}},"36":{"start":{"line":37,"column":0},"end":{"line":37,"column":75}},"37":{"start":{"line":38,"column":0},"end":{"line":38,"column":75}},"38":{"start":{"line":39,"column":0},"end":{"line":39,"column":72}},"39":{"start":{"line":40,"column":0},"end":{"line":40,"column":6}},"40":{"start":{"line":41,"column":0},"end":{"line":41,"column":4}},"41":{"start":{"line":42,"column":0},"end":{"line":42,"column":3}},"42":{"start":{"line":43,"column":0},"end":{"line":43,"column":16}},"43":{"start":{"line":44,"column":0},"end":{"line":44,"column":25}},"44":{"start":{"line":45,"column":0},"end":{"line":45,"column":25}},"45":{"start":{"line":46,"column":0},"end":{"line":46,"column":26}},"46":{"start":{"line":47,"column":0},"end":{"line":47,"column":15}},"47":{"start":{"line":48,"column":0},"end":{"line":48,"column":56}},"48":{"start":{"line":49,"column":0},"end":{"line":49,"column":68}},"49":{"start":{"line":50,"column":0},"end":{"line":50,"column":13}},"50":{"start":{"line":51,"column":0},"end":{"line":51,"column":73}},"51":{"start":{"line":52,"column":0},"end":{"line":52,"column":76}},"52":{"start":{"line":53,"column":0},"end":{"line":53,"column":77}},"53":{"start":{"line":54,"column":0},"end":{"line":54,"column":72}},"54":{"start":{"line":55,"column":0},"end":{"line":55,"column":6}},"55":{"start":{"line":56,"column":0},"end":{"line":56,"column":4}},"56":{"start":{"line":57,"column":0},"end":{"line":57,"column":1}},"58":{"start":{"line":59,"column":0},"end":{"line":59,"column":38}},"59":{"start":{"line":60,"column":0},"end":{"line":60,"column":83}},"60":{"start":{"line":61,"column":0},"end":{"line":61,"column":86}},"61":{"start":{"line":62,"column":0},"end":{"line":62,"column":1}},"63":{"start":{"line":64,"column":0},"end":{"line":64,"column":16}},"64":{"start":{"line":65,"column":0},"end":{"line":65,"column":78}},"65":{"start":{"line":66,"column":0},"end":{"line":66,"column":63}},"66":{"start":{"line":67,"column":0},"end":{"line":67,"column":86}},"67":{"start":{"line":68,"column":0},"end":{"line":68,"column":51}},"68":{"start":{"line":69,"column":0},"end":{"line":69,"column":45}},"69":{"start":{"line":70,"column":0},"end":{"line":70,"column":66}},"70":{"start":{"line":71,"column":0},"end":{"line":71,"column":74}},"71":{"start":{"line":72,"column":0},"end":{"line":72,"column":60}},"72":{"start":{"line":73,"column":0},"end":{"line":73,"column":75}},"73":{"start":{"line":74,"column":0},"end":{"line":74,"column":34}},"74":{"start":{"line":75,"column":0},"end":{"line":75,"column":3}},"76":{"start":{"line":77,"column":0},"end":{"line":77,"column":82}},"78":{"start":{"line":79,"column":0},"end":{"line":79,"column":32}},"79":{"start":{"line":80,"column":0},"end":{"line":80,"column":76}},"80":{"start":{"line":81,"column":0},"end":{"line":81,"column":22}},"81":{"start":{"line":82,"column":0},"end":{"line":82,"column":3}},"83":{"start":{"line":84,"column":0},"end":{"line":84,"column":31}},"84":{"start":{"line":85,"column":0},"end":{"line":85,"column":73}},"85":{"start":{"line":86,"column":0},"end":{"line":86,"column":28}},"86":{"start":{"line":87,"column":0},"end":{"line":87,"column":3}},"88":{"start":{"line":89,"column":0},"end":{"line":89,"column":31}},"89":{"start":{"line":90,"column":0},"end":{"line":90,"column":109}},"90":{"start":{"line":91,"column":0},"end":{"line":91,"column":36}},"91":{"start":{"line":92,"column":0},"end":{"line":92,"column":3}},"93":{"start":{"line":94,"column":0},"end":{"line":94,"column":19}},"94":{"start":{"line":95,"column":0},"end":{"line":95,"column":34}},"95":{"start":{"line":96,"column":0},"end":{"line":96,"column":49}},"96":{"start":{"line":97,"column":0},"end":{"line":97,"column":18}},"97":{"start":{"line":98,"column":0},"end":{"line":98,"column":23}},"98":{"start":{"line":99,"column":0},"end":{"line":99,"column":21}},"100":{"start":{"line":101,"column":0},"end":{"line":101,"column":19}},"101":{"start":{"line":102,"column":0},"end":{"line":102,"column":26}},"103":{"start":{"line":104,"column":0},"end":{"line":104,"column":47}},"104":{"start":{"line":105,"column":0},"end":{"line":105,"column":30}},"105":{"start":{"line":106,"column":0},"end":{"line":106,"column":27}},"106":{"start":{"line":107,"column":0},"end":{"line":107,"column":25}},"107":{"start":{"line":108,"column":0},"end":{"line":108,"column":18}},"108":{"start":{"line":109,"column":0},"end":{"line":109,"column":9}},"110":{"start":{"line":111,"column":0},"end":{"line":111,"column":26}},"111":{"start":{"line":112,"column":0},"end":{"line":112,"column":8}},"112":{"start":{"line":113,"column":0},"end":{"line":113,"column":11}},"114":{"start":{"line":115,"column":0},"end":{"line":115,"column":47}},"115":{"start":{"line":116,"column":0},"end":{"line":116,"column":40}},"117":{"start":{"line":118,"column":0},"end":{"line":118,"column":31}},"118":{"start":{"line":119,"column":0},"end":{"line":119,"column":80}},"119":{"start":{"line":120,"column":0},"end":{"line":120,"column":106}},"120":{"start":{"line":121,"column":0},"end":{"line":121,"column":30}},"121":{"start":{"line":122,"column":0},"end":{"line":122,"column":18}},"122":{"start":{"line":123,"column":0},"end":{"line":123,"column":3}},"124":{"start":{"line":125,"column":0},"end":{"line":125,"column":28}},"125":{"start":{"line":126,"column":0},"end":{"line":126,"column":80}},"126":{"start":{"line":127,"column":0},"end":{"line":127,"column":85}},"127":{"start":{"line":128,"column":0},"end":{"line":128,"column":30}},"128":{"start":{"line":129,"column":0},"end":{"line":129,"column":18}},"129":{"start":{"line":130,"column":0},"end":{"line":130,"column":3}},"131":{"start":{"line":132,"column":0},"end":{"line":132,"column":45}},"132":{"start":{"line":133,"column":0},"end":{"line":133,"column":31}},"133":{"start":{"line":134,"column":0},"end":{"line":134,"column":54}},"134":{"start":{"line":135,"column":0},"end":{"line":135,"column":44}},"135":{"start":{"line":136,"column":0},"end":{"line":136,"column":5}},"136":{"start":{"line":137,"column":0},"end":{"line":137,"column":18}},"137":{"start":{"line":138,"column":0},"end":{"line":138,"column":22}},"138":{"start":{"line":139,"column":0},"end":{"line":139,"column":3}},"140":{"start":{"line":141,"column":0},"end":{"line":141,"column":49}},"141":{"start":{"line":142,"column":0},"end":{"line":142,"column":52}},"142":{"start":{"line":143,"column":0},"end":{"line":143,"column":3}},"144":{"start":{"line":145,"column":0},"end":{"line":145,"column":43}},"145":{"start":{"line":146,"column":0},"end":{"line":146,"column":37}},"146":{"start":{"line":147,"column":0},"end":{"line":147,"column":84}},"147":{"start":{"line":148,"column":0},"end":{"line":148,"column":3}},"149":{"start":{"line":150,"column":0},"end":{"line":150,"column":38}},"150":{"start":{"line":151,"column":0},"end":{"line":151,"column":39}},"151":{"start":{"line":152,"column":0},"end":{"line":152,"column":21}},"152":{"start":{"line":153,"column":0},"end":{"line":153,"column":51}},"153":{"start":{"line":154,"column":0},"end":{"line":154,"column":25}},"154":{"start":{"line":155,"column":0},"end":{"line":155,"column":59}},"155":{"start":{"line":156,"column":0},"end":{"line":156,"column":26}},"156":{"start":{"line":157,"column":0},"end":{"line":157,"column":3}},"158":{"start":{"line":159,"column":0},"end":{"line":159,"column":33}},"159":{"start":{"line":160,"column":0},"end":{"line":160,"column":9}},"160":{"start":{"line":161,"column":0},"end":{"line":161,"column":27}},"161":{"start":{"line":162,"column":0},"end":{"line":162,"column":84}},"162":{"start":{"line":163,"column":0},"end":{"line":163,"column":10}},"163":{"start":{"line":164,"column":0},"end":{"line":164,"column":8}},"164":{"start":{"line":165,"column":0},"end":{"line":165,"column":20}},"165":{"start":{"line":166,"column":0},"end":{"line":166,"column":3}},"167":{"start":{"line":168,"column":0},"end":{"line":168,"column":53}},"168":{"start":{"line":169,"column":0},"end":{"line":169,"column":121}},"170":{"start":{"line":171,"column":0},"end":{"line":171,"column":30}},"172":{"start":{"line":173,"column":0},"end":{"line":173,"column":20}},"173":{"start":{"line":174,"column":0},"end":{"line":174,"column":35}},"174":{"start":{"line":175,"column":0},"end":{"line":175,"column":18}},"175":{"start":{"line":176,"column":0},"end":{"line":176,"column":22}},"176":{"start":{"line":177,"column":0},"end":{"line":177,"column":3}},"178":{"start":{"line":179,"column":0},"end":{"line":179,"column":10}},"179":{"start":{"line":180,"column":0},"end":{"line":180,"column":26}},"180":{"start":{"line":181,"column":0},"end":{"line":181,"column":38}},"181":{"start":{"line":182,"column":0},"end":{"line":182,"column":31}},"182":{"start":{"line":183,"column":0},"end":{"line":183,"column":13}},"183":{"start":{"line":184,"column":0},"end":{"line":184,"column":61}},"184":{"start":{"line":185,"column":0},"end":{"line":185,"column":14}},"185":{"start":{"line":186,"column":0},"end":{"line":186,"column":100}},"186":{"start":{"line":187,"column":0},"end":{"line":187,"column":15}},"187":{"start":{"line":188,"column":0},"end":{"line":188,"column":30}},"189":{"start":{"line":190,"column":0},"end":{"line":190,"column":14}},"190":{"start":{"line":191,"column":0},"end":{"line":191,"column":32}},"191":{"start":{"line":192,"column":0},"end":{"line":192,"column":17}},"192":{"start":{"line":193,"column":0},"end":{"line":193,"column":46}},"193":{"start":{"line":194,"column":0},"end":{"line":194,"column":33}},"194":{"start":{"line":195,"column":0},"end":{"line":195,"column":18}},"195":{"start":{"line":196,"column":0},"end":{"line":196,"column":17}},"196":{"start":{"line":197,"column":0},"end":{"line":197,"column":48}},"197":{"start":{"line":198,"column":0},"end":{"line":198,"column":35}},"198":{"start":{"line":199,"column":0},"end":{"line":199,"column":18}},"199":{"start":{"line":200,"column":0},"end":{"line":200,"column":17}},"200":{"start":{"line":201,"column":0},"end":{"line":201,"column":46}},"201":{"start":{"line":202,"column":0},"end":{"line":202,"column":39}},"202":{"start":{"line":203,"column":0},"end":{"line":203,"column":18}},"203":{"start":{"line":204,"column":0},"end":{"line":204,"column":16}},"204":{"start":{"line":205,"column":0},"end":{"line":205,"column":14}},"205":{"start":{"line":206,"column":0},"end":{"line":206,"column":34}},"206":{"start":{"line":207,"column":0},"end":{"line":207,"column":34}},"207":{"start":{"line":208,"column":0},"end":{"line":208,"column":36}},"208":{"start":{"line":209,"column":0},"end":{"line":209,"column":61}},"209":{"start":{"line":210,"column":0},"end":{"line":210,"column":19}},"210":{"start":{"line":211,"column":0},"end":{"line":211,"column":31}},"211":{"start":{"line":212,"column":0},"end":{"line":212,"column":61}},"212":{"start":{"line":213,"column":0},"end":{"line":213,"column":42}},"214":{"start":{"line":215,"column":0},"end":{"line":215,"column":44}},"215":{"start":{"line":216,"column":0},"end":{"line":216,"column":21}},"216":{"start":{"line":217,"column":0},"end":{"line":217,"column":16}},"217":{"start":{"line":218,"column":0},"end":{"line":218,"column":37}},"218":{"start":{"line":219,"column":0},"end":{"line":219,"column":86}},"219":{"start":{"line":220,"column":0},"end":{"line":220,"column":28}},"220":{"start":{"line":221,"column":0},"end":{"line":221,"column":18}},"221":{"start":{"line":222,"column":0},"end":{"line":222,"column":17}},"222":{"start":{"line":223,"column":0},"end":{"line":223,"column":60}},"223":{"start":{"line":224,"column":0},"end":{"line":224,"column":86}},"224":{"start":{"line":225,"column":0},"end":{"line":225,"column":18}},"225":{"start":{"line":226,"column":0},"end":{"line":226,"column":16}},"226":{"start":{"line":227,"column":0},"end":{"line":227,"column":36}},"227":{"start":{"line":228,"column":0},"end":{"line":228,"column":69}},"228":{"start":{"line":229,"column":0},"end":{"line":229,"column":16}},"229":{"start":{"line":230,"column":0},"end":{"line":230,"column":32}},"230":{"start":{"line":231,"column":0},"end":{"line":231,"column":29}},"231":{"start":{"line":232,"column":0},"end":{"line":232,"column":49}},"232":{"start":{"line":233,"column":0},"end":{"line":233,"column":16}},"233":{"start":{"line":234,"column":0},"end":{"line":234,"column":36}},"234":{"start":{"line":235,"column":0},"end":{"line":235,"column":87}},"236":{"start":{"line":237,"column":0},"end":{"line":237,"column":21}},"237":{"start":{"line":238,"column":0},"end":{"line":238,"column":88}},"238":{"start":{"line":239,"column":0},"end":{"line":239,"column":44}},"239":{"start":{"line":240,"column":0},"end":{"line":240,"column":21}},"240":{"start":{"line":241,"column":0},"end":{"line":241,"column":86}},"242":{"start":{"line":243,"column":0},"end":{"line":243,"column":21}},"243":{"start":{"line":244,"column":0},"end":{"line":244,"column":16}},"244":{"start":{"line":245,"column":0},"end":{"line":245,"column":14}},"245":{"start":{"line":246,"column":0},"end":{"line":246,"column":15}},"247":{"start":{"line":248,"column":0},"end":{"line":248,"column":31}},"248":{"start":{"line":249,"column":0},"end":{"line":249,"column":35}},"249":{"start":{"line":250,"column":0},"end":{"line":250,"column":40}},"250":{"start":{"line":251,"column":0},"end":{"line":251,"column":17}},"251":{"start":{"line":252,"column":0},"end":{"line":252,"column":52}},"252":{"start":{"line":253,"column":0},"end":{"line":253,"column":39}},"253":{"start":{"line":254,"column":0},"end":{"line":254,"column":18}},"254":{"start":{"line":255,"column":0},"end":{"line":255,"column":16}},"255":{"start":{"line":256,"column":0},"end":{"line":256,"column":38}},"256":{"start":{"line":257,"column":0},"end":{"line":257,"column":36}},"257":{"start":{"line":258,"column":0},"end":{"line":258,"column":21}},"258":{"start":{"line":259,"column":0},"end":{"line":259,"column":30}},"259":{"start":{"line":260,"column":0},"end":{"line":260,"column":83}},"260":{"start":{"line":261,"column":0},"end":{"line":261,"column":60}},"261":{"start":{"line":262,"column":0},"end":{"line":262,"column":58}},"263":{"start":{"line":264,"column":0},"end":{"line":264,"column":87}},"264":{"start":{"line":265,"column":0},"end":{"line":265,"column":48}},"265":{"start":{"line":266,"column":0},"end":{"line":266,"column":22}},"266":{"start":{"line":267,"column":0},"end":{"line":267,"column":44}},"267":{"start":{"line":268,"column":0},"end":{"line":268,"column":39}},"268":{"start":{"line":269,"column":0},"end":{"line":269,"column":42}},"269":{"start":{"line":270,"column":0},"end":{"line":270,"column":63}},"270":{"start":{"line":271,"column":0},"end":{"line":271,"column":24}},"271":{"start":{"line":272,"column":0},"end":{"line":272,"column":57}},"272":{"start":{"line":273,"column":0},"end":{"line":273,"column":58}},"273":{"start":{"line":274,"column":0},"end":{"line":274,"column":59}},"274":{"start":{"line":275,"column":0},"end":{"line":275,"column":22}},"275":{"start":{"line":276,"column":0},"end":{"line":276,"column":23}},"276":{"start":{"line":277,"column":0},"end":{"line":277,"column":15}},"277":{"start":{"line":278,"column":0},"end":{"line":278,"column":16}},"279":{"start":{"line":280,"column":0},"end":{"line":280,"column":43}},"280":{"start":{"line":281,"column":0},"end":{"line":281,"column":17}},"281":{"start":{"line":282,"column":0},"end":{"line":282,"column":52}},"282":{"start":{"line":283,"column":0},"end":{"line":283,"column":44}},"283":{"start":{"line":284,"column":0},"end":{"line":284,"column":18}},"284":{"start":{"line":285,"column":0},"end":{"line":285,"column":36}},"285":{"start":{"line":286,"column":0},"end":{"line":286,"column":65}},"287":{"start":{"line":288,"column":0},"end":{"line":288,"column":22}},"288":{"start":{"line":289,"column":0},"end":{"line":289,"column":21}},"289":{"start":{"line":290,"column":0},"end":{"line":290,"column":36}},"290":{"start":{"line":291,"column":0},"end":{"line":291,"column":44}},"291":{"start":{"line":292,"column":0},"end":{"line":292,"column":81}},"293":{"start":{"line":294,"column":0},"end":{"line":294,"column":46}},"294":{"start":{"line":295,"column":0},"end":{"line":295,"column":64}},"295":{"start":{"line":296,"column":0},"end":{"line":296,"column":35}},"296":{"start":{"line":297,"column":0},"end":{"line":297,"column":27}},"297":{"start":{"line":298,"column":0},"end":{"line":298,"column":19}},"298":{"start":{"line":299,"column":0},"end":{"line":299,"column":23}},"299":{"start":{"line":300,"column":0},"end":{"line":300,"column":18}},"300":{"start":{"line":301,"column":0},"end":{"line":301,"column":16}},"302":{"start":{"line":303,"column":0},"end":{"line":303,"column":37}},"303":{"start":{"line":304,"column":0},"end":{"line":304,"column":50}},"304":{"start":{"line":305,"column":0},"end":{"line":305,"column":50}},"305":{"start":{"line":306,"column":0},"end":{"line":306,"column":61}},"306":{"start":{"line":307,"column":0},"end":{"line":307,"column":22}},"307":{"start":{"line":308,"column":0},"end":{"line":308,"column":20}},"308":{"start":{"line":309,"column":0},"end":{"line":309,"column":32}},"309":{"start":{"line":310,"column":0},"end":{"line":310,"column":67}},"310":{"start":{"line":311,"column":0},"end":{"line":311,"column":51}},"312":{"start":{"line":313,"column":0},"end":{"line":313,"column":23}},"313":{"start":{"line":314,"column":0},"end":{"line":314,"column":58}},"314":{"start":{"line":315,"column":0},"end":{"line":315,"column":41}},"315":{"start":{"line":316,"column":0},"end":{"line":316,"column":63}},"316":{"start":{"line":317,"column":0},"end":{"line":317,"column":24}},"317":{"start":{"line":318,"column":0},"end":{"line":318,"column":24}},"318":{"start":{"line":319,"column":0},"end":{"line":319,"column":47}},"319":{"start":{"line":320,"column":0},"end":{"line":320,"column":83}},"320":{"start":{"line":321,"column":0},"end":{"line":321,"column":85}},"321":{"start":{"line":322,"column":0},"end":{"line":322,"column":67}},"322":{"start":{"line":323,"column":0},"end":{"line":323,"column":29}},"323":{"start":{"line":324,"column":0},"end":{"line":324,"column":27}},"324":{"start":{"line":325,"column":0},"end":{"line":325,"column":65}},"325":{"start":{"line":326,"column":0},"end":{"line":326,"column":64}},"326":{"start":{"line":327,"column":0},"end":{"line":327,"column":56}},"328":{"start":{"line":329,"column":0},"end":{"line":329,"column":41}},"329":{"start":{"line":330,"column":0},"end":{"line":330,"column":29}},"330":{"start":{"line":331,"column":0},"end":{"line":331,"column":83}},"332":{"start":{"line":333,"column":0},"end":{"line":333,"column":29}},"333":{"start":{"line":334,"column":0},"end":{"line":334,"column":24}},"334":{"start":{"line":335,"column":0},"end":{"line":335,"column":22}},"336":{"start":{"line":337,"column":0},"end":{"line":337,"column":15}},"337":{"start":{"line":338,"column":0},"end":{"line":338,"column":16}},"338":{"start":{"line":339,"column":0},"end":{"line":339,"column":18}},"340":{"start":{"line":341,"column":0},"end":{"line":341,"column":35}},"341":{"start":{"line":342,"column":0},"end":{"line":342,"column":52}},"342":{"start":{"line":343,"column":0},"end":{"line":343,"column":17}},"343":{"start":{"line":344,"column":0},"end":{"line":344,"column":55}},"344":{"start":{"line":345,"column":0},"end":{"line":345,"column":35}},"345":{"start":{"line":346,"column":0},"end":{"line":346,"column":18}},"346":{"start":{"line":347,"column":0},"end":{"line":347,"column":42}},"347":{"start":{"line":348,"column":0},"end":{"line":348,"column":20}},"348":{"start":{"line":349,"column":0},"end":{"line":349,"column":39}},"349":{"start":{"line":350,"column":0},"end":{"line":350,"column":76}},"350":{"start":{"line":351,"column":0},"end":{"line":351,"column":47}},"351":{"start":{"line":352,"column":0},"end":{"line":352,"column":16}},"352":{"start":{"line":353,"column":0},"end":{"line":353,"column":102}},"354":{"start":{"line":355,"column":0},"end":{"line":355,"column":23}},"355":{"start":{"line":356,"column":0},"end":{"line":356,"column":18}},"356":{"start":{"line":357,"column":0},"end":{"line":357,"column":16}},"357":{"start":{"line":358,"column":0},"end":{"line":358,"column":41}},"358":{"start":{"line":359,"column":0},"end":{"line":359,"column":42}},"359":{"start":{"line":360,"column":0},"end":{"line":360,"column":18}},"360":{"start":{"line":361,"column":0},"end":{"line":361,"column":33}},"361":{"start":{"line":362,"column":0},"end":{"line":362,"column":41}},"362":{"start":{"line":363,"column":0},"end":{"line":363,"column":55}},"363":{"start":{"line":364,"column":0},"end":{"line":364,"column":56}},"365":{"start":{"line":366,"column":0},"end":{"line":366,"column":45}},"366":{"start":{"line":367,"column":0},"end":{"line":367,"column":23}},"367":{"start":{"line":368,"column":0},"end":{"line":368,"column":60}},"368":{"start":{"line":369,"column":0},"end":{"line":369,"column":76}},"369":{"start":{"line":370,"column":0},"end":{"line":370,"column":24}},"370":{"start":{"line":371,"column":0},"end":{"line":371,"column":88}},"372":{"start":{"line":373,"column":0},"end":{"line":373,"column":27}},"373":{"start":{"line":374,"column":0},"end":{"line":374,"column":22}},"374":{"start":{"line":375,"column":0},"end":{"line":375,"column":48}},"375":{"start":{"line":376,"column":0},"end":{"line":376,"column":48}},"376":{"start":{"line":377,"column":0},"end":{"line":377,"column":33}},"377":{"start":{"line":378,"column":0},"end":{"line":378,"column":92}},"378":{"start":{"line":379,"column":0},"end":{"line":379,"column":43}},"379":{"start":{"line":380,"column":0},"end":{"line":380,"column":28}},"380":{"start":{"line":381,"column":0},"end":{"line":381,"column":54}},"381":{"start":{"line":382,"column":0},"end":{"line":382,"column":37}},"382":{"start":{"line":383,"column":0},"end":{"line":383,"column":29}},"384":{"start":{"line":385,"column":0},"end":{"line":385,"column":21}},"385":{"start":{"line":386,"column":0},"end":{"line":386,"column":22}},"386":{"start":{"line":387,"column":0},"end":{"line":387,"column":20}},"387":{"start":{"line":388,"column":0},"end":{"line":388,"column":15}},"388":{"start":{"line":389,"column":0},"end":{"line":389,"column":16}},"390":{"start":{"line":391,"column":0},"end":{"line":391,"column":43}},"391":{"start":{"line":392,"column":0},"end":{"line":392,"column":17}},"392":{"start":{"line":393,"column":0},"end":{"line":393,"column":51}},"393":{"start":{"line":394,"column":0},"end":{"line":394,"column":40}},"394":{"start":{"line":395,"column":0},"end":{"line":395,"column":18}},"395":{"start":{"line":396,"column":0},"end":{"line":396,"column":37}},"396":{"start":{"line":397,"column":0},"end":{"line":397,"column":89}},"398":{"start":{"line":399,"column":0},"end":{"line":399,"column":23}},"399":{"start":{"line":400,"column":0},"end":{"line":400,"column":88}},"401":{"start":{"line":402,"column":0},"end":{"line":402,"column":23}},"402":{"start":{"line":403,"column":0},"end":{"line":403,"column":18}},"403":{"start":{"line":404,"column":0},"end":{"line":404,"column":16}},"404":{"start":{"line":405,"column":0},"end":{"line":405,"column":33}},"405":{"start":{"line":406,"column":0},"end":{"line":406,"column":35}},"406":{"start":{"line":407,"column":0},"end":{"line":407,"column":21}},"407":{"start":{"line":408,"column":0},"end":{"line":408,"column":30}},"408":{"start":{"line":409,"column":0},"end":{"line":409,"column":88}},"409":{"start":{"line":410,"column":0},"end":{"line":410,"column":54}},"411":{"start":{"line":412,"column":0},"end":{"line":412,"column":42}},"412":{"start":{"line":413,"column":0},"end":{"line":413,"column":63}},"413":{"start":{"line":414,"column":0},"end":{"line":414,"column":23}},"414":{"start":{"line":415,"column":0},"end":{"line":415,"column":15}},"415":{"start":{"line":416,"column":0},"end":{"line":416,"column":16}},"416":{"start":{"line":417,"column":0},"end":{"line":417,"column":18}},"417":{"start":{"line":418,"column":0},"end":{"line":418,"column":13}},"418":{"start":{"line":419,"column":0},"end":{"line":419,"column":10}},"420":{"start":{"line":421,"column":0},"end":{"line":421,"column":1}},"422":{"start":{"line":423,"column":0},"end":{"line":423,"column":18}}},"s":{"0":1,"6":1,"8":1,"10":1,"11":1,"12":1,"13":1,"14":1,"15":1,"16":1,"17":1,"18":1,"19":1,"20":1,"21":1,"22":1,"23":1,"24":1,"25":1,"26":1,"27":1,"28":1,"29":1,"30":1,"31":1,"32":1,"33":1,"34":1,"35":1,"36":1,"37":1,"38":1,"39":1,"40":1,"41":1,"42":1,"43":1,"44":1,"45":1,"46":1,"47":1,"48":1,"49":1,"50":1,"51":1,"52":1,"53":1,"54":1,"55":1,"56":1,"58":1,"59":1,"60":1,"61":1,"63":7,"64":7,"65":7,"66":7,"67":7,"68":7,"69":7,"70":7,"71":7,"72":7,"73":7,"74":7,"76":7,"78":7,"79":7,"80":7,"81":7,"83":7,"84":7,"85":7,"86":7,"88":7,"89":7,"90":7,"91":7,"93":7,"94":2,"95":2,"96":2,"97":2,"98":7,"100":7,"101":4,"103":2,"104":0,"105":0,"106":0,"107":0,"108":0,"110":0,"111":0,"112":2,"114":2,"115":7,"117":7,"118":0,"119":0,"120":0,"121":0,"122":0,"124":7,"125":0,"126":0,"127":0,"128":0,"129":0,"131":7,"132":1,"133":1,"134":0,"135":0,"136":1,"137":1,"138":1,"140":7,"141":1,"142":1,"144":7,"145":1,"146":1,"147":1,"149":7,"150":0,"151":0,"152":0,"153":0,"154":0,"155":0,"156":0,"158":7,"159":7,"160":1,"161":1,"162":1,"163":1,"164":7,"165":7,"167":7,"168":1,"170":1,"172":1,"173":1,"174":1,"175":1,"176":1,"178":7,"179":7,"180":7,"181":7,"182":7,"183":7,"184":7,"185":7,"186":7,"187":7,"189":7,"190":7,"191":7,"192":7,"193":7,"194":7,"195":7,"196":7,"197":7,"198":7,"199":7,"200":7,"201":7,"202":7,"203":7,"204":7,"205":7,"206":7,"207":7,"208":7,"209":7,"210":7,"211":7,"212":7,"214":7,"215":7,"216":7,"217":7,"218":7,"219":7,"220":7,"221":7,"222":7,"223":7,"224":7,"225":7,"226":7,"227":7,"228":7,"229":7,"230":7,"231":7,"232":7,"233":7,"234":7,"236":7,"237":7,"238":7,"239":7,"240":7,"242":7,"243":7,"244":7,"245":7,"247":7,"248":7,"249":7,"250":7,"251":7,"252":7,"253":7,"254":7,"255":7,"256":7,"257":21,"258":21,"259":21,"260":21,"261":21,"263":21,"264":21,"265":21,"266":21,"267":21,"268":21,"269":21,"270":21,"271":21,"272":21,"273":21,"274":21,"275":21,"276":7,"277":7,"279":7,"280":7,"281":7,"282":7,"283":7,"284":7,"285":7,"287":7,"288":7,"289":7,"290":7,"291":7,"293":7,"294":14,"295":14,"296":14,"297":7,"298":7,"299":7,"300":7,"302":7,"303":7,"304":28,"305":28,"306":28,"307":28,"308":28,"309":28,"310":28,"312":28,"313":28,"314":28,"315":28,"316":28,"317":28,"318":28,"319":28,"320":28,"321":28,"322":28,"323":28,"324":28,"325":28,"326":28,"328":28,"329":28,"330":28,"332":28,"333":28,"334":28,"336":7,"337":7,"338":7,"340":7,"341":7,"342":7,"343":7,"344":7,"345":7,"346":7,"347":7,"348":7,"349":7,"350":7,"351":7,"352":7,"354":7,"355":7,"356":7,"357":7,"358":7,"359":14,"360":14,"361":14,"362":14,"363":14,"365":14,"366":14,"367":14,"368":14,"369":14,"370":14,"372":14,"373":14,"374":14,"375":14,"376":31,"377":31,"378":31,"379":31,"380":31,"381":31,"382":31,"384":14,"385":14,"386":14,"387":7,"388":7,"390":7,"391":7,"392":7,"393":7,"394":7,"395":7,"396":7,"398":7,"399":7,"401":7,"402":7,"403":7,"404":7,"405":7,"406":27,"407":27,"408":27,"409":27,"411":27,"412":27,"413":27,"414":7,"415":7,"416":7,"417":7,"418":7,"420":7,"422":1},"branchMap":{"0":{"type":"branch","line":64,"loc":{"start":{"line":64,"column":0},"end":{"line":421,"column":1}},"locations":[{"start":{"line":64,"column":0},"end":{"line":421,"column":1}}]},"1":{"type":"branch","line":74,"loc":{"start":{"line":74,"column":25},"end":{"line":74,"column":34}},"locations":[{"start":{"line":74,"column":25},"end":{"line":74,"column":34}}]},"2":{"type":"branch","line":215,"loc":{"start":{"line":215,"column":15},"end":{"line":215,"column":37}},"locations":[{"start":{"line":215,"column":15},"end":{"line":215,"column":37}}]},"3":{"type":"branch","line":215,"loc":{"start":{"line":215,"column":27},"end":{"line":215,"column":44}},"locations":[{"start":{"line":215,"column":27},"end":{"line":215,"column":44}}]},"4":{"type":"branch","line":239,"loc":{"start":{"line":239,"column":15},"end":{"line":239,"column":37}},"locations":[{"start":{"line":239,"column":15},"end":{"line":239,"column":37}}]},"5":{"type":"branch","line":239,"loc":{"start":{"line":239,"column":27},"end":{"line":239,"column":44}},"locations":[{"start":{"line":239,"column":27},"end":{"line":239,"column":44}}]},"6":{"type":"branch","line":77,"loc":{"start":{"line":77,"column":32},"end":{"line":77,"column":79}},"locations":[{"start":{"line":77,"column":32},"end":{"line":77,"column":79}}]},"7":{"type":"branch","line":77,"loc":{"start":{"line":77,"column":53},"end":{"line":77,"column":76}},"locations":[{"start":{"line":77,"column":53},"end":{"line":77,"column":76}}]},"8":{"type":"branch","line":80,"loc":{"start":{"line":80,"column":4},"end":{"line":80,"column":76}},"locations":[{"start":{"line":80,"column":4},"end":{"line":80,"column":76}}]},"9":{"type":"branch","line":80,"loc":{"start":{"line":80,"column":61},"end":{"line":80,"column":76}},"locations":[{"start":{"line":80,"column":61},"end":{"line":80,"column":76}}]},"10":{"type":"branch","line":80,"loc":{"start":{"line":80,"column":22},"end":{"line":80,"column":61}},"locations":[{"start":{"line":80,"column":22},"end":{"line":80,"column":61}}]},"11":{"type":"branch","line":85,"loc":{"start":{"line":85,"column":4},"end":{"line":85,"column":73}},"locations":[{"start":{"line":85,"column":4},"end":{"line":85,"column":73}}]},"12":{"type":"branch","line":85,"loc":{"start":{"line":85,"column":59},"end":{"line":85,"column":73}},"locations":[{"start":{"line":85,"column":59},"end":{"line":85,"column":73}}]},"13":{"type":"branch","line":85,"loc":{"start":{"line":85,"column":21},"end":{"line":85,"column":59}},"locations":[{"start":{"line":85,"column":21},"end":{"line":85,"column":59}}]},"14":{"type":"branch","line":90,"loc":{"start":{"line":90,"column":4},"end":{"line":90,"column":109}},"locations":[{"start":{"line":90,"column":4},"end":{"line":90,"column":109}}]},"15":{"type":"branch","line":90,"loc":{"start":{"line":90,"column":90},"end":{"line":90,"column":109}},"locations":[{"start":{"line":90,"column":90},"end":{"line":90,"column":109}}]},"16":{"type":"branch","line":90,"loc":{"start":{"line":90,"column":22},"end":{"line":90,"column":90}},"locations":[{"start":{"line":90,"column":22},"end":{"line":90,"column":90}}]},"17":{"type":"branch","line":90,"loc":{"start":{"line":90,"column":51},"end":{"line":90,"column":89}},"locations":[{"start":{"line":90,"column":51},"end":{"line":90,"column":89}}]},"18":{"type":"branch","line":94,"loc":{"start":{"line":94,"column":12},"end":{"line":99,"column":5}},"locations":[{"start":{"line":94,"column":12},"end":{"line":99,"column":5}}]},"19":{"type":"branch","line":101,"loc":{"start":{"line":101,"column":12},"end":{"line":116,"column":5}},"locations":[{"start":{"line":101,"column":12},"end":{"line":116,"column":5}}]},"20":{"type":"branch","line":102,"loc":{"start":{"line":102,"column":20},"end":{"line":115,"column":47}},"locations":[{"start":{"line":102,"column":20},"end":{"line":115,"column":47}}]},"21":{"type":"branch","line":115,"loc":{"start":{"line":115,"column":11},"end":{"line":115,"column":47}},"locations":[{"start":{"line":115,"column":11},"end":{"line":115,"column":47}}]},"22":{"type":"branch","line":132,"loc":{"start":{"line":132,"column":26},"end":{"line":139,"column":3}},"locations":[{"start":{"line":132,"column":26},"end":{"line":139,"column":3}}]},"23":{"type":"branch","line":134,"loc":{"start":{"line":134,"column":53},"end":{"line":136,"column":5}},"locations":[{"start":{"line":134,"column":53},"end":{"line":136,"column":5}}]},"24":{"type":"branch","line":134,"loc":{"start":{"line":134,"column":20},"end":{"line":134,"column":50}},"locations":[{"start":{"line":134,"column":20},"end":{"line":134,"column":50}}]},"25":{"type":"branch","line":141,"loc":{"start":{"line":141,"column":27},"end":{"line":143,"column":3}},"locations":[{"start":{"line":141,"column":27},"end":{"line":143,"column":3}}]},"26":{"type":"branch","line":142,"loc":{"start":{"line":142,"column":16},"end":{"line":142,"column":51}},"locations":[{"start":{"line":142,"column":16},"end":{"line":142,"column":51}}]},"27":{"type":"branch","line":145,"loc":{"start":{"line":145,"column":24},"end":{"line":148,"column":3}},"locations":[{"start":{"line":145,"column":24},"end":{"line":148,"column":3}}]},"28":{"type":"branch","line":146,"loc":{"start":{"line":146,"column":31},"end":{"line":146,"column":37}},"locations":[{"start":{"line":146,"column":31},"end":{"line":146,"column":37}}]},"29":{"type":"branch","line":147,"loc":{"start":{"line":147,"column":17},"end":{"line":147,"column":83}},"locations":[{"start":{"line":147,"column":17},"end":{"line":147,"column":83}}]},"30":{"type":"branch","line":160,"loc":{"start":{"line":160,"column":4},"end":{"line":164,"column":8}},"locations":[{"start":{"line":160,"column":4},"end":{"line":164,"column":8}}]},"31":{"type":"branch","line":162,"loc":{"start":{"line":162,"column":8},"end":{"line":162,"column":84}},"locations":[{"start":{"line":162,"column":8},"end":{"line":162,"column":84}}]},"32":{"type":"branch","line":168,"loc":{"start":{"line":168,"column":28},"end":{"line":177,"column":3}},"locations":[{"start":{"line":168,"column":28},"end":{"line":177,"column":3}}]},"33":{"type":"branch","line":171,"loc":{"start":{"line":171,"column":24},"end":{"line":171,"column":30}},"locations":[{"start":{"line":171,"column":24},"end":{"line":171,"column":30}}]},"34":{"type":"branch","line":169,"loc":{"start":{"line":169,"column":39},"end":{"line":169,"column":93}},"locations":[{"start":{"line":169,"column":39},"end":{"line":169,"column":93}}]},"35":{"type":"branch","line":169,"loc":{"start":{"line":169,"column":66},"end":{"line":169,"column":92}},"locations":[{"start":{"line":169,"column":66},"end":{"line":169,"column":92}}]},"36":{"type":"branch","line":257,"loc":{"start":{"line":257,"column":24},"end":{"line":276,"column":23}},"locations":[{"start":{"line":257,"column":24},"end":{"line":276,"column":23}}]},"37":{"type":"branch","line":260,"loc":{"start":{"line":260,"column":49},"end":{"line":260,"column":78}},"locations":[{"start":{"line":260,"column":49},"end":{"line":260,"column":78}}]},"38":{"type":"branch","line":260,"loc":{"start":{"line":260,"column":67},"end":{"line":260,"column":80}},"locations":[{"start":{"line":260,"column":67},"end":{"line":260,"column":80}}]},"39":{"type":"branch","line":261,"loc":{"start":{"line":261,"column":25},"end":{"line":261,"column":60}},"locations":[{"start":{"line":261,"column":25},"end":{"line":261,"column":60}}]},"40":{"type":"branch","line":294,"loc":{"start":{"line":294,"column":31},"end":{"line":297,"column":27}},"locations":[{"start":{"line":294,"column":31},"end":{"line":297,"column":27}}]},"41":{"type":"branch","line":304,"loc":{"start":{"line":304,"column":38},"end":{"line":337,"column":13}},"locations":[{"start":{"line":304,"column":38},"end":{"line":337,"column":13}}]},"42":{"type":"branch","line":310,"loc":{"start":{"line":310,"column":38},"end":{"line":310,"column":62}},"locations":[{"start":{"line":310,"column":38},"end":{"line":310,"column":62}}]},"43":{"type":"branch","line":310,"loc":{"start":{"line":310,"column":50},"end":{"line":310,"column":64}},"locations":[{"start":{"line":310,"column":50},"end":{"line":310,"column":64}}]},"44":{"type":"branch","line":322,"loc":{"start":{"line":322,"column":23},"end":{"line":322,"column":48}},"locations":[{"start":{"line":322,"column":23},"end":{"line":322,"column":48}}]},"45":{"type":"branch","line":322,"loc":{"start":{"line":322,"column":36},"end":{"line":322,"column":60}},"locations":[{"start":{"line":322,"column":36},"end":{"line":322,"column":60}}]},"46":{"type":"branch","line":322,"loc":{"start":{"line":322,"column":48},"end":{"line":322,"column":67}},"locations":[{"start":{"line":322,"column":48},"end":{"line":322,"column":67}}]},"47":{"type":"branch","line":325,"loc":{"start":{"line":325,"column":42},"end":{"line":325,"column":60}},"locations":[{"start":{"line":325,"column":42},"end":{"line":325,"column":60}}]},"48":{"type":"branch","line":325,"loc":{"start":{"line":325,"column":50},"end":{"line":325,"column":62}},"locations":[{"start":{"line":325,"column":50},"end":{"line":325,"column":62}}]},"49":{"type":"branch","line":329,"loc":{"start":{"line":329,"column":23},"end":{"line":329,"column":37}},"locations":[{"start":{"line":329,"column":23},"end":{"line":329,"column":37}}]},"50":{"type":"branch","line":329,"loc":{"start":{"line":329,"column":31},"end":{"line":329,"column":41}},"locations":[{"start":{"line":329,"column":31},"end":{"line":329,"column":41}}]},"51":{"type":"branch","line":321,"loc":{"start":{"line":321,"column":55},"end":{"line":321,"column":85}},"locations":[{"start":{"line":321,"column":55},"end":{"line":321,"column":85}}]},"52":{"type":"branch","line":326,"loc":{"start":{"line":326,"column":31},"end":{"line":326,"column":64}},"locations":[{"start":{"line":326,"column":31},"end":{"line":326,"column":64}}]},"53":{"type":"branch","line":331,"loc":{"start":{"line":331,"column":55},"end":{"line":331,"column":83}},"locations":[{"start":{"line":331,"column":55},"end":{"line":331,"column":83}}]},"54":{"type":"branch","line":359,"loc":{"start":{"line":359,"column":27},"end":{"line":387,"column":20}},"locations":[{"start":{"line":359,"column":27},"end":{"line":387,"column":20}}]},"55":{"type":"branch","line":371,"loc":{"start":{"line":371,"column":53},"end":{"line":371,"column":88}},"locations":[{"start":{"line":371,"column":53},"end":{"line":371,"column":88}}]},"56":{"type":"branch","line":376,"loc":{"start":{"line":376,"column":39},"end":{"line":385,"column":19}},"locations":[{"start":{"line":376,"column":39},"end":{"line":385,"column":19}}]},"57":{"type":"branch","line":379,"loc":{"start":{"line":379,"column":32},"end":{"line":379,"column":43}},"locations":[{"start":{"line":379,"column":32},"end":{"line":379,"column":43}}]},"58":{"type":"branch","line":378,"loc":{"start":{"line":378,"column":37},"end":{"line":378,"column":60}},"locations":[{"start":{"line":378,"column":37},"end":{"line":378,"column":60}}]},"59":{"type":"branch","line":378,"loc":{"start":{"line":378,"column":67},"end":{"line":378,"column":91}},"locations":[{"start":{"line":378,"column":67},"end":{"line":378,"column":91}}]},"60":{"type":"branch","line":406,"loc":{"start":{"line":406,"column":23},"end":{"line":414,"column":23}},"locations":[{"start":{"line":406,"column":23},"end":{"line":414,"column":23}}]},"61":{"type":"branch","line":409,"loc":{"start":{"line":409,"column":54},"end":{"line":409,"column":83}},"locations":[{"start":{"line":409,"column":54},"end":{"line":409,"column":83}}]},"62":{"type":"branch","line":409,"loc":{"start":{"line":409,"column":71},"end":{"line":409,"column":85}},"locations":[{"start":{"line":409,"column":71},"end":{"line":409,"column":85}}]}},"b":{"0":[7],"1":[0],"2":[2],"3":[5],"4":[2],"5":[5],"6":[1],"7":[3],"8":[2],"9":[0],"10":[3],"11":[3],"12":[0],"13":[3],"14":[4],"15":[0],"16":[7],"17":[17],"18":[2],"19":[4],"20":[2],"21":[2],"22":[1],"23":[0],"24":[1],"25":[1],"26":[1],"27":[1],"28":[0],"29":[1],"30":[1],"31":[12],"32":[1],"33":[0],"34":[3],"35":[18],"36":[21],"37":[7],"38":[14],"39":[1],"40":[14],"41":[28],"42":[5],"43":[23],"44":[5],"45":[1],"46":[27],"47":[4],"48":[24],"49":[4],"50":[24],"51":[1],"52":[1],"53":[1],"54":[14],"55":[1],"56":[31],"57":[0],"58":[93],"59":[148],"60":[27],"61":[7],"62":[20]},"fnMap":{"0":{"name":"App","decl":{"start":{"line":64,"column":0},"end":{"line":421,"column":1}},"loc":{"start":{"line":64,"column":0},"end":{"line":421,"column":1}},"line":64},"1":{"name":"advanceToNext","decl":{"start":{"line":118,"column":24},"end":{"line":123,"column":3}},"loc":{"start":{"line":118,"column":24},"end":{"line":123,"column":3}},"line":118},"2":{"name":"goPrevious","decl":{"start":{"line":125,"column":21},"end":{"line":130,"column":3}},"loc":{"start":{"line":125,"column":21},"end":{"line":130,"column":3}},"line":125},"3":{"name":"handlePlayTrack","decl":{"start":{"line":132,"column":26},"end":{"line":139,"column":3}},"loc":{"start":{"line":132,"column":26},"end":{"line":139,"column":3}},"line":132},"4":{"name":"handleToggleLike","decl":{"start":{"line":141,"column":27},"end":{"line":143,"column":3}},"loc":{"start":{"line":141,"column":27},"end":{"line":143,"column":3}},"line":141},"5":{"name":"addToPlaylist","decl":{"start":{"line":145,"column":24},"end":{"line":148,"column":3}},"loc":{"start":{"line":145,"column":24},"end":{"line":148,"column":3}},"line":145},"6":{"name":"handleCreatePlaylist","decl":{"start":{"line":150,"column":31},"end":{"line":157,"column":3}},"loc":{"start":{"line":150,"column":31},"end":{"line":157,"column":3}},"line":150},"7":{"name":"playPlaylistQueue","decl":{"start":{"line":168,"column":28},"end":{"line":177,"column":3}},"loc":{"start":{"line":168,"column":28},"end":{"line":177,"column":3}},"line":168},"8":{"name":"onClick","decl":{"start":{"line":212,"column":23},"end":{"line":212,"column":61}},"loc":{"start":{"line":212,"column":23},"end":{"line":212,"column":61}},"line":212},"9":{"name":"onClick","decl":{"start":{"line":238,"column":49},"end":{"line":238,"column":88}},"loc":{"start":{"line":238,"column":49},"end":{"line":238,"column":88}},"line":238},"10":{"name":"onClick","decl":{"start":{"line":261,"column":25},"end":{"line":261,"column":60}},"loc":{"start":{"line":261,"column":25},"end":{"line":261,"column":60}},"line":261},"11":{"name":"onChange","decl":{"start":{"line":292,"column":26},"end":{"line":292,"column":81}},"loc":{"start":{"line":292,"column":26},"end":{"line":292,"column":81}},"line":292},"12":{"name":"onClick","decl":{"start":{"line":321,"column":55},"end":{"line":321,"column":85}},"loc":{"start":{"line":321,"column":55},"end":{"line":321,"column":85}},"line":321},"13":{"name":"onClick","decl":{"start":{"line":326,"column":31},"end":{"line":326,"column":64}},"loc":{"start":{"line":326,"column":31},"end":{"line":326,"column":64}},"line":326},"14":{"name":"onClick","decl":{"start":{"line":331,"column":55},"end":{"line":331,"column":83}},"loc":{"start":{"line":331,"column":55},"end":{"line":331,"column":83}},"line":331},"15":{"name":"onChange","decl":{"start":{"line":350,"column":26},"end":{"line":350,"column":76}},"loc":{"start":{"line":350,"column":26},"end":{"line":350,"column":76}},"line":350},"16":{"name":"onClick","decl":{"start":{"line":371,"column":53},"end":{"line":371,"column":88}},"loc":{"start":{"line":371,"column":53},"end":{"line":371,"column":88}},"line":371},"17":{"name":"onClick","decl":{"start":{"line":410,"column":25},"end":{"line":410,"column":54}},"loc":{"start":{"line":410,"column":25},"end":{"line":410,"column":54}},"line":410}},"f":{"0":7,"1":0,"2":0,"3":1,"4":1,"5":1,"6":0,"7":1,"8":0,"9":0,"10":1,"11":0,"12":1,"13":1,"14":1,"15":0,"16":1,"17":0}}
,"C:\\Users\\v-tianji\\Desktop\\ghcpd\\v-tianji_25_11_25_case3\\music-player\\src\\main.tsx": {"path":"C:\\Users\\v-tianji\\Desktop\\ghcpd\\v-tianji_25_11_25_case3\\music-player\\src\\main.tsx","all":true,"statementMap":{"0":{"start":{"line":1,"column":0},"end":{"line":1,"column":34}},"1":{"start":{"line":2,"column":0},"end":{"line":2,"column":45}},"2":{"start":{"line":3,"column":0},"end":{"line":3,"column":20}},"3":{"start":{"line":4,"column":0},"end":{"line":4,"column":27}},"5":{"start":{"line":6,"column":0},"end":{"line":6,"column":52}},"6":{"start":{"line":7,"column":0},"end":{"line":7,"column":14}},"7":{"start":{"line":8,"column":0},"end":{"line":8,"column":11}},"8":{"start":{"line":9,"column":0},"end":{"line":9,"column":16}},"9":{"start":{"line":10,"column":0},"end":{"line":10,"column":1}}},"s":{"0":0,"1":0,"2":0,"3":0,"5":0,"6":0,"7":0,"8":0,"9":0},"branchMap":{"0":{"type":"branch","line":1,"loc":{"start":{"line":1,"column":229},"end":{"line":10,"column":1}},"locations":[{"start":{"line":1,"column":229},"end":{"line":10,"column":1}}]}},"b":{"0":[0]},"fnMap":{"0":{"name":"(empty-report)","decl":{"start":{"line":1,"column":229},"end":{"line":10,"column":1}},"loc":{"start":{"line":1,"column":229},"end":{"line":10,"column":1}},"line":1}},"f":{"0":0}}
,"C:\\Users\\v-tianji\\Desktop\\ghcpd\\v-tianji_25_11_25_case3\\music-player\\src\\lib\\library.ts": {"path":"C:\\Users\\v-tianji\\Desktop\\ghcpd\\v-tianji_25_11_25_case3\\music-player\\src\\lib\\library.ts","all":false,"statementMap":{"25":{"start":{"line":26,"column":0},"end":{"line":26,"column":67}},"26":{"start":{"line":27,"column":0},"end":{"line":27,"column":60}},"27":{"start":{"line":28,"column":0},"end":{"line":28,"column":62}},"28":{"start":{"line":29,"column":0},"end":{"line":29,"column":31}},"29":{"start":{"line":30,"column":0},"end":{"line":30,"column":1}},"31":{"start":{"line":32,"column":0},"end":{"line":32,"column":81}},"32":{"start":{"line":33,"column":0},"end":{"line":33,"column":29}},"33":{"start":{"line":34,"column":0},"end":{"line":34,"column":26}},"34":{"start":{"line":35,"column":0},"end":{"line":35,"column":24}},"35":{"start":{"line":36,"column":0},"end":{"line":36,"column":10}},"36":{"start":{"line":37,"column":0},"end":{"line":37,"column":21}},"37":{"start":{"line":38,"column":0},"end":{"line":38,"column":3}},"38":{"start":{"line":39,"column":0},"end":{"line":39,"column":13}},"39":{"start":{"line":40,"column":0},"end":{"line":40,"column":1}},"41":{"start":{"line":42,"column":0},"end":{"line":42,"column":84}},"42":{"start":{"line":43,"column":0},"end":{"line":43,"column":79}},"43":{"start":{"line":44,"column":0},"end":{"line":44,"column":71}},"44":{"start":{"line":45,"column":0},"end":{"line":45,"column":71}},"45":{"start":{"line":46,"column":0},"end":{"line":46,"column":57}},"46":{"start":{"line":47,"column":0},"end":{"line":47,"column":1}},"48":{"start":{"line":49,"column":0},"end":{"line":49,"column":35}},"49":{"start":{"line":50,"column":0},"end":{"line":50,"column":24}},"50":{"start":{"line":51,"column":0},"end":{"line":51,"column":21}},"51":{"start":{"line":52,"column":0},"end":{"line":52,"column":18}},"53":{"start":{"line":54,"column":0},"end":{"line":54,"column":31}},"54":{"start":{"line":55,"column":0},"end":{"line":55,"column":51}},"55":{"start":{"line":56,"column":0},"end":{"line":56,"column":58}},"56":{"start":{"line":57,"column":0},"end":{"line":57,"column":65}},"57":{"start":{"line":58,"column":0},"end":{"line":58,"column":4}}},"s":{"25":1,"26":15,"27":15,"28":14,"29":14,"31":1,"32":3,"33":3,"34":1,"35":2,"36":2,"37":2,"38":3,"39":3,"41":1,"42":1,"43":1,"44":1,"45":1,"46":1,"48":1,"49":3,"50":3,"51":3,"53":3,"54":4,"55":3,"56":2,"57":2},"branchMap":{"0":{"type":"branch","line":26,"loc":{"start":{"line":26,"column":36},"end":{"line":30,"column":1}},"locations":[{"start":{"line":26,"column":36},"end":{"line":30,"column":1}}]},"1":{"type":"branch","line":28,"loc":{"start":{"line":28,"column":26},"end":{"line":28,"column":54}},"locations":[{"start":{"line":28,"column":26},"end":{"line":28,"column":54}}]},"2":{"type":"branch","line":28,"loc":{"start":{"line":28,"column":54},"end":{"line":28,"column":62}},"locations":[{"start":{"line":28,"column":54},"end":{"line":28,"column":62}}]},"3":{"type":"branch","line":28,"loc":{"start":{"line":28,"column":61},"end":{"line":30,"column":1}},"locations":[{"start":{"line":28,"column":61},"end":{"line":30,"column":1}}]},"4":{"type":"branch","line":32,"loc":{"start":{"line":32,"column":26},"end":{"line":40,"column":1}},"locations":[{"start":{"line":32,"column":26},"end":{"line":40,"column":1}}]},"5":{"type":"branch","line":34,"loc":{"start":{"line":34,"column":25},"end":{"line":38,"column":3}},"locations":[{"start":{"line":34,"column":25},"end":{"line":38,"column":3}}]},"6":{"type":"branch","line":34,"loc":{"start":{"line":34,"column":25},"end":{"line":36,"column":9}},"locations":[{"start":{"line":34,"column":25},"end":{"line":36,"column":9}}]},"7":{"type":"branch","line":42,"loc":{"start":{"line":42,"column":30},"end":{"line":47,"column":1}},"locations":[{"start":{"line":42,"column":30},"end":{"line":47,"column":1}}]},"8":{"type":"branch","line":49,"loc":{"start":{"line":49,"column":34},"end":{"line":58,"column":4}},"locations":[{"start":{"line":49,"column":34},"end":{"line":58,"column":4}}]},"9":{"type":"branch","line":54,"loc":{"start":{"line":54,"column":16},"end":{"line":58,"column":4}},"locations":[{"start":{"line":54,"column":16},"end":{"line":58,"column":4}}]},"10":{"type":"branch","line":55,"loc":{"start":{"line":55,"column":36},"end":{"line":58,"column":4}},"locations":[{"start":{"line":55,"column":36},"end":{"line":58,"column":4}}]},"11":{"type":"branch","line":55,"loc":{"start":{"line":55,"column":36},"end":{"line":55,"column":51}},"locations":[{"start":{"line":55,"column":36},"end":{"line":55,"column":51}}]},"12":{"type":"branch","line":56,"loc":{"start":{"line":56,"column":43},"end":{"line":56,"column":58}},"locations":[{"start":{"line":56,"column":43},"end":{"line":56,"column":58}}]},"13":{"type":"branch","line":56,"loc":{"start":{"line":56,"column":50},"end":{"line":58,"column":4}},"locations":[{"start":{"line":56,"column":50},"end":{"line":58,"column":4}}]}},"b":{"0":[15],"1":[14],"2":[1],"3":[14],"4":[3],"5":[2],"6":[1],"7":[1],"8":[3],"9":[4],"10":[3],"11":[1],"12":[1],"13":[2]},"fnMap":{"0":{"name":"parseDurationSeconds","decl":{"start":{"line":26,"column":36},"end":{"line":30,"column":1}},"loc":{"start":{"line":26,"column":36},"end":{"line":30,"column":1}},"line":26},"1":{"name":"toggleLike","decl":{"start":{"line":32,"column":26},"end":{"line":40,"column":1}},"loc":{"start":{"line":32,"column":26},"end":{"line":40,"column":1}},"line":32},"2":{"name":"createPlaylist","decl":{"start":{"line":42,"column":30},"end":{"line":47,"column":1}},"loc":{"start":{"line":42,"column":30},"end":{"line":47,"column":1}},"line":42},"3":{"name":"addTrackToPlaylist","decl":{"start":{"line":49,"column":34},"end":{"line":58,"column":4}},"loc":{"start":{"line":49,"column":34},"end":{"line":58,"column":4}},"line":49}},"f":{"0":15,"1":3,"2":1,"3":3}}
}
